<?xml version="1.0" encoding="UTF-8"?>
<!-- Generated by org.testng.reporters.JUnitXMLReporter -->
<testsuite ignored="0" hostname="DESKTOP-NAKH6V0" failures="0" tests="4" name="Default test" time="6.1" errors="0" timestamp="2022-01-18T00:00:51 CET">
  <testcase classname="Demo.TestRestAssured" name="Get_test" time="4.174"/>
  <testcase classname="Demo.TestRestAssured" name="Post_test" time="0.279"/>
  <testcase classname="Demo.TestRestAssured" name="Put_test" time="0.18"/>
  <testcase classname="Demo.TestRestAssured" name="Delete_test" time="0.156"/>
</testsuite> <!-- Default test -->
